1695281264520|30|statement|connection 0|url jdbc:h2:mem:db0|SELECT t. *  FROM achievement t WHERE t.id = ?|SELECT t. *  FROM achievement t WHERE t.id = '1'
1695281264637|8|statement|connection 0|url jdbc:h2:mem:db0|INSERT INTO achievement (id , student_id , score , create_time)  VALUES  (? , ? , ? , ?) |INSERT INTO achievement (id , student_id , score , create_time)  VALUES  (NULL , 1 , 9.99 , '2023-09-21T15:27:44.561+0800') 
1695281264658|1|statement|connection 0|url jdbc:h2:mem:db0|INSERT INTO achievement (id , student_id , score , create_time)  VALUES  (? , ? , ? , ?) |INSERT INTO achievement (id , student_id , score , create_time)  VALUES  (NULL , 1 , 19.99 , '2023-09-21T15:27:44.653+0800') 
1695281264667|3|statement|connection 0|url jdbc:h2:mem:db0|INSERT INTO achievement (id , student_id , score , create_time)  VALUES  (? , ? , ? , ?) |INSERT INTO achievement (id , student_id , score , create_time)  VALUES  (NULL , 1 , 29.99 , '2023-09-21T15:27:44.659+0800') 
1695281264687|1|statement|connection 0|url jdbc:h2:mem:db0|INSERT INTO achievement (id , student_id , score , create_time)  VALUES  (? , ? , ? , ?) |INSERT INTO achievement (id , student_id , score , create_time)  VALUES  (NULL , 1 , 39.99 , '2023-09-21T15:27:44.679+0800') 
1695281264692|1|statement|connection 0|url jdbc:h2:mem:db0|INSERT INTO achievement (id , student_id , score , create_time)  VALUES  (? , ? , ? , ?) |INSERT INTO achievement (id , student_id , score , create_time)  VALUES  (NULL , 1 , 49.99 , '2023-09-21T15:27:44.688+0800') 
1695281264699|1|statement|connection 0|url jdbc:h2:mem:db0|INSERT INTO achievement (id , student_id , score , create_time)  VALUES  (? , ? , ? , ?) |INSERT INTO achievement (id , student_id , score , create_time)  VALUES  (NULL , 1 , 59.99 , '2023-09-21T15:27:44.694+0800') 
1695281264704|1|statement|connection 0|url jdbc:h2:mem:db0|INSERT INTO achievement (id , student_id , score , create_time)  VALUES  (? , ? , ? , ?) |INSERT INTO achievement (id , student_id , score , create_time)  VALUES  (NULL , 1 , 69.99 , '2023-09-21T15:27:44.700+0800') 
1695281264712|1|statement|connection 0|url jdbc:h2:mem:db0|INSERT INTO achievement (id , student_id , score , create_time)  VALUES  (? , ? , ? , ?) |INSERT INTO achievement (id , student_id , score , create_time)  VALUES  (NULL , 1 , 79.99 , '2023-09-21T15:27:44.706+0800') 
1695281264717|1|statement|connection 0|url jdbc:h2:mem:db0|INSERT INTO achievement (id , student_id , score , create_time)  VALUES  (? , ? , ? , ?) |INSERT INTO achievement (id , student_id , score , create_time)  VALUES  (NULL , 1 , 89.99 , '2023-09-21T15:27:44.713+0800') 
1695281264723|1|statement|connection 0|url jdbc:h2:mem:db0|INSERT INTO achievement (id , student_id , score , create_time)  VALUES  (? , ? , ? , ?) |INSERT INTO achievement (id , student_id , score , create_time)  VALUES  (NULL , 1 , 99.99 , '2023-09-21T15:27:44.719+0800') 
1695281264730|1|statement|connection 0|url jdbc:h2:mem:db0|INSERT INTO achievement (id , student_id , score , create_time)  VALUES  (? , ? , ? , ?) |INSERT INTO achievement (id , student_id , score , create_time)  VALUES  (NULL , 1 , 109.99 , '2023-09-21T15:27:44.725+0800') 
1695281264737|1|statement|connection 0|url jdbc:h2:mem:db0|INSERT INTO achievement (id , student_id , score , create_time)  VALUES  (? , ? , ? , ?) |INSERT INTO achievement (id , student_id , score , create_time)  VALUES  (NULL , 1 , 119.99 , '2023-09-21T15:27:44.733+0800') 
1695281264745|1|statement|connection 0|url jdbc:h2:mem:db0|INSERT INTO achievement (id , student_id , score , create_time)  VALUES  (? , ? , ? , ?) |INSERT INTO achievement (id , student_id , score , create_time)  VALUES  (NULL , 1 , 129.99 , '2023-09-21T15:27:44.739+0800') 
1695281264750|1|statement|connection 0|url jdbc:h2:mem:db0|INSERT INTO achievement (id , student_id , score , create_time)  VALUES  (? , ? , ? , ?) |INSERT INTO achievement (id , student_id , score , create_time)  VALUES  (NULL , 1 , 139.99 , '2023-09-21T15:27:44.746+0800') 
1695281264757|1|statement|connection 0|url jdbc:h2:mem:db0|INSERT INTO achievement (id , student_id , score , create_time)  VALUES  (? , ? , ? , ?) |INSERT INTO achievement (id , student_id , score , create_time)  VALUES  (NULL , 1 , 149.99 , '2023-09-21T15:27:44.752+0800') 
1695281264777|4|statement|connection 0|url jdbc:h2:mem:db0|INSERT INTO achievement (id , student_id , score , create_time)  VALUES  (? , ? , ? , ?) |INSERT INTO achievement (id , student_id , score , create_time)  VALUES  (NULL , 1 , 159.99 , '2023-09-21T15:27:44.759+0800') 
1695281264785|1|statement|connection 0|url jdbc:h2:mem:db0|INSERT INTO achievement (id , student_id , score , create_time)  VALUES  (? , ? , ? , ?) |INSERT INTO achievement (id , student_id , score , create_time)  VALUES  (NULL , 1 , 169.99 , '2023-09-21T15:27:44.780+0800') 
1695281264793|1|statement|connection 0|url jdbc:h2:mem:db0|INSERT INTO achievement (id , student_id , score , create_time)  VALUES  (? , ? , ? , ?) |INSERT INTO achievement (id , student_id , score , create_time)  VALUES  (NULL , 1 , 179.99 , '2023-09-21T15:27:44.787+0800') 
1695281264799|1|statement|connection 0|url jdbc:h2:mem:db0|INSERT INTO achievement (id , student_id , score , create_time)  VALUES  (? , ? , ? , ?) |INSERT INTO achievement (id , student_id , score , create_time)  VALUES  (NULL , 1 , 189.99 , '2023-09-21T15:27:44.795+0800') 
1695281264809|1|statement|connection 0|url jdbc:h2:mem:db0|INSERT INTO achievement (id , student_id , score , create_time)  VALUES  (? , ? , ? , ?) |INSERT INTO achievement (id , student_id , score , create_time)  VALUES  (NULL , 1 , 199.99 , '2023-09-21T15:27:44.800+0800') 
1695281264818|1|statement|connection 0|url jdbc:h2:mem:db0|select t.*,t2.student_id,t2.score,t2.score xx_score,t2.id xx_id,123 haha  from student  t left join Achievement t2  on t.id=t2.student_id|select t.*,t2.student_id,t2.score,t2.score xx_score,t2.id xx_id,123 haha  from student  t left join Achievement t2  on t.id=t2.student_id
1695281264855|1|statement|connection 0|url jdbc:h2:mem:db0|SELECT t. *  FROM achievement t WHERE t.student_id = 1 limit 1 offset 0|SELECT t. *  FROM achievement t WHERE t.student_id = 1 limit 1 offset 0
1695281264867|0|statement|connection 0|url jdbc:h2:mem:db0|SELECT t. *  FROM achievement t WHERE t.id = ? limit 10 offset 0|SELECT t. *  FROM achievement t WHERE t.id = '1112' limit 10 offset 0
1695281264871|0|statement|connection 0|url jdbc:h2:mem:db0|SELECT t. *  FROM achievement t WHERE t.id = ?|SELECT t. *  FROM achievement t WHERE t.id = '1'
1695281264882|1|statement|connection 0|url jdbc:h2:mem:db0|SELECT t. *  FROM achievement t WHERE t.id = ?|SELECT t. *  FROM achievement t WHERE t.id = '11133111'
1695281264916|0|statement|connection 0|url jdbc:h2:mem:db0|SELECT id, student_id, score, create_time FROM achievement WHERE (id=?)|SELECT id, student_id, score, create_time FROM achievement WHERE (id=1111)
1695282610617|26|statement|connection 0|url jdbc:h2:mem:db0|SELECT t. *  FROM achievement t WHERE t.id = ?|SELECT t. *  FROM achievement t WHERE t.id = '1'
1695282610692|8|statement|connection 0|url jdbc:h2:mem:db0|INSERT INTO achievement (student_id , score , create_time)  VALUES  (? , ? , ?) |INSERT INTO achievement (student_id , score , create_time)  VALUES  (1 , 9.99 , '2023-09-21T15:50:10.642+0800') 
1695282610707|1|statement|connection 0|url jdbc:h2:mem:db0|INSERT INTO achievement (student_id , score , create_time)  VALUES  (? , ? , ?) |INSERT INTO achievement (student_id , score , create_time)  VALUES  (1 , 19.99 , '2023-09-21T15:50:10.702+0800') 
1695282610713|2|statement|connection 0|url jdbc:h2:mem:db0|INSERT INTO achievement (student_id , score , create_time)  VALUES  (? , ? , ?) |INSERT INTO achievement (student_id , score , create_time)  VALUES  (1 , 29.99 , '2023-09-21T15:50:10.708+0800') 
1695282610724|6|statement|connection 0|url jdbc:h2:mem:db0|INSERT INTO achievement (student_id , score , create_time)  VALUES  (? , ? , ?) |INSERT INTO achievement (student_id , score , create_time)  VALUES  (1 , 39.99 , '2023-09-21T15:50:10.714+0800') 
1695282610733|2|statement|connection 0|url jdbc:h2:mem:db0|INSERT INTO achievement (student_id , score , create_time)  VALUES  (? , ? , ?) |INSERT INTO achievement (student_id , score , create_time)  VALUES  (1 , 49.99 , '2023-09-21T15:50:10.725+0800') 
1695282610744|3|statement|connection 0|url jdbc:h2:mem:db0|INSERT INTO achievement (student_id , score , create_time)  VALUES  (? , ? , ?) |INSERT INTO achievement (student_id , score , create_time)  VALUES  (1 , 59.99 , '2023-09-21T15:50:10.734+0800') 
1695282610751|2|statement|connection 0|url jdbc:h2:mem:db0|INSERT INTO achievement (student_id , score , create_time)  VALUES  (? , ? , ?) |INSERT INTO achievement (student_id , score , create_time)  VALUES  (1 , 69.99 , '2023-09-21T15:50:10.746+0800') 
1695282610762|2|statement|connection 0|url jdbc:h2:mem:db0|INSERT INTO achievement (student_id , score , create_time)  VALUES  (? , ? , ?) |INSERT INTO achievement (student_id , score , create_time)  VALUES  (1 , 79.99 , '2023-09-21T15:50:10.752+0800') 
1695282610776|4|statement|connection 0|url jdbc:h2:mem:db0|INSERT INTO achievement (student_id , score , create_time)  VALUES  (? , ? , ?) |INSERT INTO achievement (student_id , score , create_time)  VALUES  (1 , 89.99 , '2023-09-21T15:50:10.766+0800') 
1695282610781|1|statement|connection 0|url jdbc:h2:mem:db0|INSERT INTO achievement (student_id , score , create_time)  VALUES  (? , ? , ?) |INSERT INTO achievement (student_id , score , create_time)  VALUES  (1 , 99.99 , '2023-09-21T15:50:10.777+0800') 
1695282610785|1|statement|connection 0|url jdbc:h2:mem:db0|INSERT INTO achievement (student_id , score , create_time)  VALUES  (? , ? , ?) |INSERT INTO achievement (student_id , score , create_time)  VALUES  (1 , 109.99 , '2023-09-21T15:50:10.782+0800') 
1695282610790|2|statement|connection 0|url jdbc:h2:mem:db0|INSERT INTO achievement (student_id , score , create_time)  VALUES  (? , ? , ?) |INSERT INTO achievement (student_id , score , create_time)  VALUES  (1 , 119.99 , '2023-09-21T15:50:10.786+0800') 
1695282610804|10|statement|connection 0|url jdbc:h2:mem:db0|INSERT INTO achievement (student_id , score , create_time)  VALUES  (? , ? , ?) |INSERT INTO achievement (student_id , score , create_time)  VALUES  (1 , 129.99 , '2023-09-21T15:50:10.791+0800') 
1695282610809|1|statement|connection 0|url jdbc:h2:mem:db0|INSERT INTO achievement (student_id , score , create_time)  VALUES  (? , ? , ?) |INSERT INTO achievement (student_id , score , create_time)  VALUES  (1 , 139.99 , '2023-09-21T15:50:10.805+0800') 
1695282610813|1|statement|connection 0|url jdbc:h2:mem:db0|INSERT INTO achievement (student_id , score , create_time)  VALUES  (? , ? , ?) |INSERT INTO achievement (student_id , score , create_time)  VALUES  (1 , 149.99 , '2023-09-21T15:50:10.810+0800') 
1695282610822|1|statement|connection 0|url jdbc:h2:mem:db0|INSERT INTO achievement (student_id , score , create_time)  VALUES  (? , ? , ?) |INSERT INTO achievement (student_id , score , create_time)  VALUES  (1 , 159.99 , '2023-09-21T15:50:10.814+0800') 
1695282610828|1|statement|connection 0|url jdbc:h2:mem:db0|INSERT INTO achievement (student_id , score , create_time)  VALUES  (? , ? , ?) |INSERT INTO achievement (student_id , score , create_time)  VALUES  (1 , 169.99 , '2023-09-21T15:50:10.824+0800') 
1695282610832|1|statement|connection 0|url jdbc:h2:mem:db0|INSERT INTO achievement (student_id , score , create_time)  VALUES  (? , ? , ?) |INSERT INTO achievement (student_id , score , create_time)  VALUES  (1 , 179.99 , '2023-09-21T15:50:10.828+0800') 
1695282610837|1|statement|connection 0|url jdbc:h2:mem:db0|INSERT INTO achievement (student_id , score , create_time)  VALUES  (? , ? , ?) |INSERT INTO achievement (student_id , score , create_time)  VALUES  (1 , 189.99 , '2023-09-21T15:50:10.832+0800') 
1695282610841|1|statement|connection 0|url jdbc:h2:mem:db0|INSERT INTO achievement (student_id , score , create_time)  VALUES  (? , ? , ?) |INSERT INTO achievement (student_id , score , create_time)  VALUES  (1 , 199.99 , '2023-09-21T15:50:10.837+0800') 
1695282610847|0|statement|connection 0|url jdbc:h2:mem:db0|select t.*,t2.student_id,t2.score,t2.score xx_score,t2.id xx_id,123 haha  from student  t left join Achievement t2  on t.id=t2.student_id|select t.*,t2.student_id,t2.score,t2.score xx_score,t2.id xx_id,123 haha  from student  t left join Achievement t2  on t.id=t2.student_id
1695282610871|2|statement|connection 0|url jdbc:h2:mem:db0|SELECT t. *  FROM achievement t WHERE t.student_id = 1|SELECT t. *  FROM achievement t WHERE t.student_id = 1
1695282610881|1|statement|connection 0|url jdbc:h2:mem:db0|SELECT t. *  FROM achievement t WHERE t.id = ?|SELECT t. *  FROM achievement t WHERE t.id = '1112'
1695282610886|0|statement|connection 0|url jdbc:h2:mem:db0|SELECT t. *  FROM achievement t WHERE t.id = ?|SELECT t. *  FROM achievement t WHERE t.id = '1'
1695282610892|0|statement|connection 0|url jdbc:h2:mem:db0|SELECT t. *  FROM achievement t WHERE t.id = ?|SELECT t. *  FROM achievement t WHERE t.id = '11133111'
1695282610916|0|statement|connection 0|url jdbc:h2:mem:db0|SELECT id, student_id, score, create_time FROM achievement WHERE (id=?)|SELECT id, student_id, score, create_time FROM achievement WHERE (id=1111)
1695282631048|30|statement|connection 0|url jdbc:h2:mem:db0|SELECT t. *  FROM achievement t WHERE t.id = ?|SELECT t. *  FROM achievement t WHERE t.id = '1'
1695282631123|9|statement|connection 0|url jdbc:h2:mem:db0|INSERT INTO achievement (student_id , score , create_time)  VALUES  (? , ? , ?) |INSERT INTO achievement (student_id , score , create_time)  VALUES  (1 , 9.99 , '2023-09-21T15:50:31.077+0800') 
1695282631135|1|statement|connection 0|url jdbc:h2:mem:db0|INSERT INTO achievement (student_id , score , create_time)  VALUES  (? , ? , ?) |INSERT INTO achievement (student_id , score , create_time)  VALUES  (1 , 19.99 , '2023-09-21T15:50:31.131+0800') 
1695282631139|1|statement|connection 0|url jdbc:h2:mem:db0|INSERT INTO achievement (student_id , score , create_time)  VALUES  (? , ? , ?) |INSERT INTO achievement (student_id , score , create_time)  VALUES  (1 , 29.99 , '2023-09-21T15:50:31.135+0800') 
1695282631143|1|statement|connection 0|url jdbc:h2:mem:db0|INSERT INTO achievement (student_id , score , create_time)  VALUES  (? , ? , ?) |INSERT INTO achievement (student_id , score , create_time)  VALUES  (1 , 39.99 , '2023-09-21T15:50:31.140+0800') 
1695282631147|1|statement|connection 0|url jdbc:h2:mem:db0|INSERT INTO achievement (student_id , score , create_time)  VALUES  (? , ? , ?) |INSERT INTO achievement (student_id , score , create_time)  VALUES  (1 , 49.99 , '2023-09-21T15:50:31.144+0800') 
1695282631154|2|statement|connection 0|url jdbc:h2:mem:db0|INSERT INTO achievement (student_id , score , create_time)  VALUES  (? , ? , ?) |INSERT INTO achievement (student_id , score , create_time)  VALUES  (1 , 59.99 , '2023-09-21T15:50:31.149+0800') 
1695282631160|1|statement|connection 0|url jdbc:h2:mem:db0|INSERT INTO achievement (student_id , score , create_time)  VALUES  (? , ? , ?) |INSERT INTO achievement (student_id , score , create_time)  VALUES  (1 , 69.99 , '2023-09-21T15:50:31.155+0800') 
1695282631165|1|statement|connection 0|url jdbc:h2:mem:db0|INSERT INTO achievement (student_id , score , create_time)  VALUES  (? , ? , ?) |INSERT INTO achievement (student_id , score , create_time)  VALUES  (1 , 79.99 , '2023-09-21T15:50:31.160+0800') 
1695282631170|1|statement|connection 0|url jdbc:h2:mem:db0|INSERT INTO achievement (student_id , score , create_time)  VALUES  (? , ? , ?) |INSERT INTO achievement (student_id , score , create_time)  VALUES  (1 , 89.99 , '2023-09-21T15:50:31.165+0800') 
1695282631174|1|statement|connection 0|url jdbc:h2:mem:db0|INSERT INTO achievement (student_id , score , create_time)  VALUES  (? , ? , ?) |INSERT INTO achievement (student_id , score , create_time)  VALUES  (1 , 99.99 , '2023-09-21T15:50:31.171+0800') 
1695282631178|1|statement|connection 0|url jdbc:h2:mem:db0|INSERT INTO achievement (student_id , score , create_time)  VALUES  (? , ? , ?) |INSERT INTO achievement (student_id , score , create_time)  VALUES  (1 , 109.99 , '2023-09-21T15:50:31.174+0800') 
1695282631183|1|statement|connection 0|url jdbc:h2:mem:db0|INSERT INTO achievement (student_id , score , create_time)  VALUES  (? , ? , ?) |INSERT INTO achievement (student_id , score , create_time)  VALUES  (1 , 119.99 , '2023-09-21T15:50:31.178+0800') 
1695282631196|10|statement|connection 0|url jdbc:h2:mem:db0|INSERT INTO achievement (student_id , score , create_time)  VALUES  (? , ? , ?) |INSERT INTO achievement (student_id , score , create_time)  VALUES  (1 , 129.99 , '2023-09-21T15:50:31.184+0800') 
1695282631203|1|statement|connection 0|url jdbc:h2:mem:db0|INSERT INTO achievement (student_id , score , create_time)  VALUES  (? , ? , ?) |INSERT INTO achievement (student_id , score , create_time)  VALUES  (1 , 139.99 , '2023-09-21T15:50:31.199+0800') 
1695282631208|1|statement|connection 0|url jdbc:h2:mem:db0|INSERT INTO achievement (student_id , score , create_time)  VALUES  (? , ? , ?) |INSERT INTO achievement (student_id , score , create_time)  VALUES  (1 , 149.99 , '2023-09-21T15:50:31.204+0800') 
1695282631225|7|statement|connection 0|url jdbc:h2:mem:db0|INSERT INTO achievement (student_id , score , create_time)  VALUES  (? , ? , ?) |INSERT INTO achievement (student_id , score , create_time)  VALUES  (1 , 159.99 , '2023-09-21T15:50:31.209+0800') 
1695282631236|1|statement|connection 0|url jdbc:h2:mem:db0|INSERT INTO achievement (student_id , score , create_time)  VALUES  (? , ? , ?) |INSERT INTO achievement (student_id , score , create_time)  VALUES  (1 , 169.99 , '2023-09-21T15:50:31.228+0800') 
1695282631245|4|statement|connection 0|url jdbc:h2:mem:db0|INSERT INTO achievement (student_id , score , create_time)  VALUES  (? , ? , ?) |INSERT INTO achievement (student_id , score , create_time)  VALUES  (1 , 179.99 , '2023-09-21T15:50:31.237+0800') 
1695282631254|2|statement|connection 0|url jdbc:h2:mem:db0|INSERT INTO achievement (student_id , score , create_time)  VALUES  (? , ? , ?) |INSERT INTO achievement (student_id , score , create_time)  VALUES  (1 , 189.99 , '2023-09-21T15:50:31.247+0800') 
1695282631268|9|statement|connection 0|url jdbc:h2:mem:db0|INSERT INTO achievement (student_id , score , create_time)  VALUES  (? , ? , ?) |INSERT INTO achievement (student_id , score , create_time)  VALUES  (1 , 199.99 , '2023-09-21T15:50:31.255+0800') 
1695282631275|0|statement|connection 0|url jdbc:h2:mem:db0|select t.*,t2.student_id,t2.score,t2.score xx_score,t2.id xx_id,123 haha  from student  t left join Achievement t2  on t.id=t2.student_id|select t.*,t2.student_id,t2.score,t2.score xx_score,t2.id xx_id,123 haha  from student  t left join Achievement t2  on t.id=t2.student_id
1695282631306|3|statement|connection 0|url jdbc:h2:mem:db0|SELECT t. *  FROM achievement t WHERE t.student_id = 1|SELECT t. *  FROM achievement t WHERE t.student_id = 1
1695282631318|1|statement|connection 0|url jdbc:h2:mem:db0|SELECT t. *  FROM achievement t WHERE t.id = ?|SELECT t. *  FROM achievement t WHERE t.id = '1112'
1695282631322|0|statement|connection 0|url jdbc:h2:mem:db0|SELECT t. *  FROM achievement t WHERE t.id = ?|SELECT t. *  FROM achievement t WHERE t.id = '1'
1695282631326|0|statement|connection 0|url jdbc:h2:mem:db0|SELECT t. *  FROM achievement t WHERE t.id = ?|SELECT t. *  FROM achievement t WHERE t.id = '11133111'
1695282631352|0|statement|connection 0|url jdbc:h2:mem:db0|SELECT id, student_id, score, create_time FROM achievement WHERE (id=?)|SELECT id, student_id, score, create_time FROM achievement WHERE (id=1111)
