2023-09-21 16:20:09.531 [main] DEBUG o.m.m.t.m.AchievementMapper.getOneWithCmdQuery - ==>  Preparing: SELECT t. * FROM achievement t WHERE t.tableId = ?
2023-09-21 16:20:09.641 [main] DEBUG o.m.m.t.m.AchievementMapper.getOneWithCmdQuery - ==> Parameters: 1(String)
2023-09-21 16:20:09.743 [main] DEBUG o.m.m.t.m.AchievementMapper.getOneWithCmdQuery - <==      Total: 0
2023-09-21 16:20:09.782 [main] DEBUG org.mybatis.mp.test.mapper.AchievementMybatisMapper.save - ==>  Preparing: INSERT INTO achievement (student_id , score , create_time) VALUES (? , ? , ?)
2023-09-21 16:20:09.802 [main] DEBUG org.mybatis.mp.test.mapper.AchievementMybatisMapper.save - ==> Parameters: 1(Integer), 9.99(BigDecimal), 2023-09-21 16:20:09.759(Timestamp)
2023-09-21 16:20:09.811 [main] DEBUG org.mybatis.mp.test.mapper.AchievementMybatisMapper.save - <==    Updates: 1
2023-09-21 16:20:09.846 [main] DEBUG org.mybatis.mp.test.mapper.AchievementMybatisMapper.save - ==>  Preparing: INSERT INTO achievement (student_id , score , create_time) VALUES (? , ? , ?)
2023-09-21 16:20:09.848 [main] DEBUG org.mybatis.mp.test.mapper.AchievementMybatisMapper.save - ==> Parameters: 1(Integer), 19.99(BigDecimal), 2023-09-21 16:20:09.845(Timestamp)
2023-09-21 16:20:09.851 [main] DEBUG org.mybatis.mp.test.mapper.AchievementMybatisMapper.save - <==    Updates: 1
2023-09-21 16:20:09.855 [main] DEBUG org.mybatis.mp.test.mapper.AchievementMybatisMapper.save - ==>  Preparing: INSERT INTO achievement (student_id , score , create_time) VALUES (? , ? , ?)
2023-09-21 16:20:09.856 [main] DEBUG org.mybatis.mp.test.mapper.AchievementMybatisMapper.save - ==> Parameters: 1(Integer), 29.99(BigDecimal), 2023-09-21 16:20:09.852(Timestamp)
2023-09-21 16:20:09.858 [main] DEBUG org.mybatis.mp.test.mapper.AchievementMybatisMapper.save - <==    Updates: 1
2023-09-21 16:20:09.860 [main] DEBUG org.mybatis.mp.test.mapper.AchievementMybatisMapper.save - ==>  Preparing: INSERT INTO achievement (student_id , score , create_time) VALUES (? , ? , ?)
2023-09-21 16:20:09.861 [main] DEBUG org.mybatis.mp.test.mapper.AchievementMybatisMapper.save - ==> Parameters: 1(Integer), 39.99(BigDecimal), 2023-09-21 16:20:09.859(Timestamp)
2023-09-21 16:20:09.863 [main] DEBUG org.mybatis.mp.test.mapper.AchievementMybatisMapper.save - <==    Updates: 1
2023-09-21 16:20:09.866 [main] DEBUG org.mybatis.mp.test.mapper.AchievementMybatisMapper.save - ==>  Preparing: INSERT INTO achievement (student_id , score , create_time) VALUES (? , ? , ?)
2023-09-21 16:20:09.868 [main] DEBUG org.mybatis.mp.test.mapper.AchievementMybatisMapper.save - ==> Parameters: 1(Integer), 49.99(BigDecimal), 2023-09-21 16:20:09.864(Timestamp)
2023-09-21 16:20:09.869 [main] DEBUG org.mybatis.mp.test.mapper.AchievementMybatisMapper.save - <==    Updates: 1
2023-09-21 16:20:09.872 [main] DEBUG org.mybatis.mp.test.mapper.AchievementMybatisMapper.save - ==>  Preparing: INSERT INTO achievement (student_id , score , create_time) VALUES (? , ? , ?)
2023-09-21 16:20:09.874 [main] DEBUG org.mybatis.mp.test.mapper.AchievementMybatisMapper.save - ==> Parameters: 1(Integer), 59.99(BigDecimal), 2023-09-21 16:20:09.87(Timestamp)
2023-09-21 16:20:09.876 [main] DEBUG org.mybatis.mp.test.mapper.AchievementMybatisMapper.save - <==    Updates: 1
2023-09-21 16:20:09.877 [main] DEBUG org.mybatis.mp.test.mapper.AchievementMybatisMapper.save - ==>  Preparing: INSERT INTO achievement (student_id , score , create_time) VALUES (? , ? , ?)
2023-09-21 16:20:09.878 [main] DEBUG org.mybatis.mp.test.mapper.AchievementMybatisMapper.save - ==> Parameters: 1(Integer), 69.99(BigDecimal), 2023-09-21 16:20:09.876(Timestamp)
2023-09-21 16:20:09.880 [main] DEBUG org.mybatis.mp.test.mapper.AchievementMybatisMapper.save - <==    Updates: 1
2023-09-21 16:20:09.883 [main] DEBUG org.mybatis.mp.test.mapper.AchievementMybatisMapper.save - ==>  Preparing: INSERT INTO achievement (student_id , score , create_time) VALUES (? , ? , ?)
2023-09-21 16:20:09.884 [main] DEBUG org.mybatis.mp.test.mapper.AchievementMybatisMapper.save - ==> Parameters: 1(Integer), 79.99(BigDecimal), 2023-09-21 16:20:09.881(Timestamp)
2023-09-21 16:20:09.886 [main] DEBUG org.mybatis.mp.test.mapper.AchievementMybatisMapper.save - <==    Updates: 1
2023-09-21 16:20:09.888 [main] DEBUG org.mybatis.mp.test.mapper.AchievementMybatisMapper.save - ==>  Preparing: INSERT INTO achievement (student_id , score , create_time) VALUES (? , ? , ?)
2023-09-21 16:20:09.889 [main] DEBUG org.mybatis.mp.test.mapper.AchievementMybatisMapper.save - ==> Parameters: 1(Integer), 89.99(BigDecimal), 2023-09-21 16:20:09.887(Timestamp)
2023-09-21 16:20:09.891 [main] DEBUG org.mybatis.mp.test.mapper.AchievementMybatisMapper.save - <==    Updates: 1
2023-09-21 16:20:09.893 [main] DEBUG org.mybatis.mp.test.mapper.AchievementMybatisMapper.save - ==>  Preparing: INSERT INTO achievement (student_id , score , create_time) VALUES (? , ? , ?)
2023-09-21 16:20:09.895 [main] DEBUG org.mybatis.mp.test.mapper.AchievementMybatisMapper.save - ==> Parameters: 1(Integer), 99.99(BigDecimal), 2023-09-21 16:20:09.892(Timestamp)
2023-09-21 16:20:09.897 [main] DEBUG org.mybatis.mp.test.mapper.AchievementMybatisMapper.save - <==    Updates: 1
2023-09-21 16:20:09.899 [main] DEBUG org.mybatis.mp.test.mapper.AchievementMybatisMapper.save - ==>  Preparing: INSERT INTO achievement (student_id , score , create_time) VALUES (? , ? , ?)
2023-09-21 16:20:09.900 [main] DEBUG org.mybatis.mp.test.mapper.AchievementMybatisMapper.save - ==> Parameters: 1(Integer), 109.99(BigDecimal), 2023-09-21 16:20:09.898(Timestamp)
2023-09-21 16:20:09.903 [main] DEBUG org.mybatis.mp.test.mapper.AchievementMybatisMapper.save - <==    Updates: 1
2023-09-21 16:20:09.905 [main] DEBUG org.mybatis.mp.test.mapper.AchievementMybatisMapper.save - ==>  Preparing: INSERT INTO achievement (student_id , score , create_time) VALUES (? , ? , ?)
2023-09-21 16:20:09.906 [main] DEBUG org.mybatis.mp.test.mapper.AchievementMybatisMapper.save - ==> Parameters: 1(Integer), 119.99(BigDecimal), 2023-09-21 16:20:09.904(Timestamp)
2023-09-21 16:20:09.908 [main] DEBUG org.mybatis.mp.test.mapper.AchievementMybatisMapper.save - <==    Updates: 1
2023-09-21 16:20:09.910 [main] DEBUG org.mybatis.mp.test.mapper.AchievementMybatisMapper.save - ==>  Preparing: INSERT INTO achievement (student_id , score , create_time) VALUES (? , ? , ?)
2023-09-21 16:20:09.911 [main] DEBUG org.mybatis.mp.test.mapper.AchievementMybatisMapper.save - ==> Parameters: 1(Integer), 129.99(BigDecimal), 2023-09-21 16:20:09.909(Timestamp)
2023-09-21 16:20:09.913 [main] DEBUG org.mybatis.mp.test.mapper.AchievementMybatisMapper.save - <==    Updates: 1
2023-09-21 16:20:09.915 [main] DEBUG org.mybatis.mp.test.mapper.AchievementMybatisMapper.save - ==>  Preparing: INSERT INTO achievement (student_id , score , create_time) VALUES (? , ? , ?)
2023-09-21 16:20:09.917 [main] DEBUG org.mybatis.mp.test.mapper.AchievementMybatisMapper.save - ==> Parameters: 1(Integer), 139.99(BigDecimal), 2023-09-21 16:20:09.914(Timestamp)
2023-09-21 16:20:09.919 [main] DEBUG org.mybatis.mp.test.mapper.AchievementMybatisMapper.save - <==    Updates: 1
2023-09-21 16:20:09.923 [main] DEBUG org.mybatis.mp.test.mapper.AchievementMybatisMapper.save - ==>  Preparing: INSERT INTO achievement (student_id , score , create_time) VALUES (? , ? , ?)
2023-09-21 16:20:09.925 [main] DEBUG org.mybatis.mp.test.mapper.AchievementMybatisMapper.save - ==> Parameters: 1(Integer), 149.99(BigDecimal), 2023-09-21 16:20:09.92(Timestamp)
2023-09-21 16:20:09.929 [main] DEBUG org.mybatis.mp.test.mapper.AchievementMybatisMapper.save - <==    Updates: 1
2023-09-21 16:20:09.932 [main] DEBUG org.mybatis.mp.test.mapper.AchievementMybatisMapper.save - ==>  Preparing: INSERT INTO achievement (student_id , score , create_time) VALUES (? , ? , ?)
2023-09-21 16:20:09.941 [main] DEBUG org.mybatis.mp.test.mapper.AchievementMybatisMapper.save - ==> Parameters: 1(Integer), 159.99(BigDecimal), 2023-09-21 16:20:09.93(Timestamp)
2023-09-21 16:20:09.945 [main] DEBUG org.mybatis.mp.test.mapper.AchievementMybatisMapper.save - <==    Updates: 1
2023-09-21 16:20:09.949 [main] DEBUG org.mybatis.mp.test.mapper.AchievementMybatisMapper.save - ==>  Preparing: INSERT INTO achievement (student_id , score , create_time) VALUES (? , ? , ?)
2023-09-21 16:20:09.951 [main] DEBUG org.mybatis.mp.test.mapper.AchievementMybatisMapper.save - ==> Parameters: 1(Integer), 169.99(BigDecimal), 2023-09-21 16:20:09.948(Timestamp)
2023-09-21 16:20:09.953 [main] DEBUG org.mybatis.mp.test.mapper.AchievementMybatisMapper.save - <==    Updates: 1
2023-09-21 16:20:09.956 [main] DEBUG org.mybatis.mp.test.mapper.AchievementMybatisMapper.save - ==>  Preparing: INSERT INTO achievement (student_id , score , create_time) VALUES (? , ? , ?)
2023-09-21 16:20:09.958 [main] DEBUG org.mybatis.mp.test.mapper.AchievementMybatisMapper.save - ==> Parameters: 1(Integer), 179.99(BigDecimal), 2023-09-21 16:20:09.954(Timestamp)
2023-09-21 16:20:09.959 [main] DEBUG org.mybatis.mp.test.mapper.AchievementMybatisMapper.save - <==    Updates: 1
2023-09-21 16:20:09.962 [main] DEBUG org.mybatis.mp.test.mapper.AchievementMybatisMapper.save - ==>  Preparing: INSERT INTO achievement (student_id , score , create_time) VALUES (? , ? , ?)
2023-09-21 16:20:09.964 [main] DEBUG org.mybatis.mp.test.mapper.AchievementMybatisMapper.save - ==> Parameters: 1(Integer), 189.99(BigDecimal), 2023-09-21 16:20:09.961(Timestamp)
2023-09-21 16:20:09.965 [main] DEBUG org.mybatis.mp.test.mapper.AchievementMybatisMapper.save - <==    Updates: 1
2023-09-21 16:20:09.968 [main] DEBUG org.mybatis.mp.test.mapper.AchievementMybatisMapper.save - ==>  Preparing: INSERT INTO achievement (student_id , score , create_time) VALUES (? , ? , ?)
2023-09-21 16:20:09.969 [main] DEBUG org.mybatis.mp.test.mapper.AchievementMybatisMapper.save - ==> Parameters: 1(Integer), 199.99(BigDecimal), 2023-09-21 16:20:09.966(Timestamp)
2023-09-21 16:20:09.970 [main] DEBUG org.mybatis.mp.test.mapper.AchievementMybatisMapper.save - <==    Updates: 1
2023-09-21 16:20:09.973 [main] DEBUG org.mybatis.mp.test.mapper.AchievementMybatisMapper.list - ==>  Preparing: select t.*,t2.student_id,t2.score,t2.score xx_score,t2.tableId xx_id,123 haha from student t left join Achievement t2 on t.tableId=t2.student_id
2023-09-21 16:20:09.979 [main] DEBUG org.mybatis.mp.test.mapper.AchievementMybatisMapper.list - ==> Parameters:
2023-09-21 16:20:09.981 [main] DEBUG org.mybatis.mp.test.mapper.AchievementMybatisMapper.list - <==      Total: 0
2023-09-21 16:20:10.005 [main] DEBUG o.m.m.t.m.AchievementMapper.selectWithCmdQuery - ==>  Preparing: SELECT t. * FROM achievement t WHERE t.student_id = 1
2023-09-21 16:20:10.006 [main] DEBUG o.m.m.t.m.AchievementMapper.selectWithCmdQuery - ==> Parameters:
2023-09-21 16:20:10.018 [main] DEBUG o.m.m.t.m.AchievementMapper.selectWithCmdQuery - ==>  Preparing: SELECT t. * FROM achievement t WHERE t.tableId = ?
2023-09-21 16:20:10.019 [main] DEBUG o.m.m.t.m.AchievementMapper.selectWithCmdQuery - ==> Parameters: 1112(String)
2023-09-21 16:20:10.021 [main] DEBUG o.m.m.t.m.AchievementMapper.selectWithCmdQuery - <==      Total: 0
2023-09-21 16:20:10.022 [main] DEBUG o.m.m.t.m.AchievementMapper.getOneWithCmdQuery - ==>  Preparing: SELECT t. * FROM achievement t WHERE t.tableId = ?
2023-09-21 16:20:10.024 [main] DEBUG o.m.m.t.m.AchievementMapper.getOneWithCmdQuery - ==> Parameters: 1(String)
2023-09-21 16:20:10.026 [main] DEBUG o.m.m.t.m.AchievementMapper.getOneWithCmdQuery - <==      Total: 1
2023-09-21 16:20:10.028 [main] DEBUG o.m.m.t.m.AchievementMapper.getOneWithCmdQuery - ==>  Preparing: SELECT t. * FROM achievement t WHERE t.tableId = ?
2023-09-21 16:20:10.028 [main] DEBUG o.m.m.t.m.AchievementMapper.getOneWithCmdQuery - ==> Parameters: 11133111(String)
2023-09-21 16:20:10.029 [main] DEBUG o.m.m.t.m.AchievementMapper.getOneWithCmdQuery - <==      Total: 0
2023-09-21 16:20:10.052 [main] DEBUG o.mybatis.mp.test.mapper.AchievementMapper.getById - ==>  Preparing: SELECT tableId, student_id, score, create_time FROM achievement WHERE (tableId=?)
2023-09-21 16:20:10.053 [main] DEBUG o.mybatis.mp.test.mapper.AchievementMapper.getById - ==> Parameters: 1111(Integer)
2023-09-21 16:20:10.055 [main] DEBUG o.mybatis.mp.test.mapper.AchievementMapper.getById - <==      Total: 0
2023-09-21 16:43:50.498 [main] DEBUG org.apache.ibatis.logging.LogFactory - Logging initialized using 'class org.apache.ibatis.logging.slf4j.Slf4jImpl' adapter.
2023-09-21 16:43:51.088 [main] DEBUG org.apache.ibatis.transaction.jdbc.JdbcTransaction - Opening JDBC Connection
2023-09-21 16:43:51.112 [main] DEBUG o.m.m.t.m.AchievementMapper.getOneWithCmdQuery - ==>  Preparing: SELECT t. * FROM achievement t WHERE t.tableId = ?
2023-09-21 16:43:51.246 [main] DEBUG o.m.m.t.m.AchievementMapper.getOneWithCmdQuery - ==> Parameters: 1(String)
2023-09-21 16:43:51.369 [main] DEBUG o.m.m.t.m.AchievementMapper.getOneWithCmdQuery - <==      Total: 0
2023-09-21 16:43:51.408 [main] DEBUG org.mybatis.mp.test.mapper.AchievementMybatisMapper.save - ==>  Preparing: INSERT INTO achievement (student_id , score , create_time) VALUES (? , ? , ?)
2023-09-21 16:43:51.427 [main] DEBUG org.mybatis.mp.test.mapper.AchievementMybatisMapper.save - ==> Parameters: 1(Integer), 9.99(BigDecimal), 2023-09-21 16:43:51.386(Timestamp)
2023-09-21 16:43:51.435 [main] DEBUG org.mybatis.mp.test.mapper.AchievementMybatisMapper.save - <==    Updates: 1
2023-09-21 16:43:51.475 [main] DEBUG org.mybatis.mp.test.mapper.AchievementMybatisMapper.save - ==>  Preparing: INSERT INTO achievement (student_id , score , create_time) VALUES (? , ? , ?)
2023-09-21 16:43:51.477 [main] DEBUG org.mybatis.mp.test.mapper.AchievementMybatisMapper.save - ==> Parameters: 1(Integer), 19.99(BigDecimal), 2023-09-21 16:43:51.473(Timestamp)
2023-09-21 16:43:51.482 [main] DEBUG org.mybatis.mp.test.mapper.AchievementMybatisMapper.save - <==    Updates: 1
2023-09-21 16:43:51.485 [main] DEBUG org.mybatis.mp.test.mapper.AchievementMybatisMapper.save - ==>  Preparing: INSERT INTO achievement (student_id , score , create_time) VALUES (? , ? , ?)
2023-09-21 16:43:51.487 [main] DEBUG org.mybatis.mp.test.mapper.AchievementMybatisMapper.save - ==> Parameters: 1(Integer), 29.99(BigDecimal), 2023-09-21 16:43:51.483(Timestamp)
2023-09-21 16:43:51.489 [main] DEBUG org.mybatis.mp.test.mapper.AchievementMybatisMapper.save - <==    Updates: 1
2023-09-21 16:43:51.492 [main] DEBUG org.mybatis.mp.test.mapper.AchievementMybatisMapper.save - ==>  Preparing: INSERT INTO achievement (student_id , score , create_time) VALUES (? , ? , ?)
2023-09-21 16:43:51.493 [main] DEBUG org.mybatis.mp.test.mapper.AchievementMybatisMapper.save - ==> Parameters: 1(Integer), 39.99(BigDecimal), 2023-09-21 16:43:51.49(Timestamp)
2023-09-21 16:43:51.496 [main] DEBUG org.mybatis.mp.test.mapper.AchievementMybatisMapper.save - <==    Updates: 1
2023-09-21 16:43:51.498 [main] DEBUG org.mybatis.mp.test.mapper.AchievementMybatisMapper.save - ==>  Preparing: INSERT INTO achievement (student_id , score , create_time) VALUES (? , ? , ?)
2023-09-21 16:43:51.500 [main] DEBUG org.mybatis.mp.test.mapper.AchievementMybatisMapper.save - ==> Parameters: 1(Integer), 49.99(BigDecimal), 2023-09-21 16:43:51.497(Timestamp)
2023-09-21 16:43:51.502 [main] DEBUG org.mybatis.mp.test.mapper.AchievementMybatisMapper.save - <==    Updates: 1
2023-09-21 16:43:51.505 [main] DEBUG org.mybatis.mp.test.mapper.AchievementMybatisMapper.save - ==>  Preparing: INSERT INTO achievement (student_id , score , create_time) VALUES (? , ? , ?)
2023-09-21 16:43:51.507 [main] DEBUG org.mybatis.mp.test.mapper.AchievementMybatisMapper.save - ==> Parameters: 1(Integer), 59.99(BigDecimal), 2023-09-21 16:43:51.503(Timestamp)
2023-09-21 16:43:51.510 [main] DEBUG org.mybatis.mp.test.mapper.AchievementMybatisMapper.save - <==    Updates: 1
2023-09-21 16:43:51.512 [main] DEBUG org.mybatis.mp.test.mapper.AchievementMybatisMapper.save - ==>  Preparing: INSERT INTO achievement (student_id , score , create_time) VALUES (? , ? , ?)
2023-09-21 16:43:51.514 [main] DEBUG org.mybatis.mp.test.mapper.AchievementMybatisMapper.save - ==> Parameters: 1(Integer), 69.99(BigDecimal), 2023-09-21 16:43:51.511(Timestamp)
2023-09-21 16:43:51.517 [main] DEBUG org.mybatis.mp.test.mapper.AchievementMybatisMapper.save - <==    Updates: 1
2023-09-21 16:43:51.519 [main] DEBUG org.mybatis.mp.test.mapper.AchievementMybatisMapper.save - ==>  Preparing: INSERT INTO achievement (student_id , score , create_time) VALUES (? , ? , ?)
2023-09-21 16:43:51.521 [main] DEBUG org.mybatis.mp.test.mapper.AchievementMybatisMapper.save - ==> Parameters: 1(Integer), 79.99(BigDecimal), 2023-09-21 16:43:51.518(Timestamp)
2023-09-21 16:43:51.522 [main] DEBUG org.mybatis.mp.test.mapper.AchievementMybatisMapper.save - <==    Updates: 1
2023-09-21 16:43:51.525 [main] DEBUG org.mybatis.mp.test.mapper.AchievementMybatisMapper.save - ==>  Preparing: INSERT INTO achievement (student_id , score , create_time) VALUES (? , ? , ?)
2023-09-21 16:43:51.527 [main] DEBUG org.mybatis.mp.test.mapper.AchievementMybatisMapper.save - ==> Parameters: 1(Integer), 89.99(BigDecimal), 2023-09-21 16:43:51.524(Timestamp)
2023-09-21 16:43:51.529 [main] DEBUG org.mybatis.mp.test.mapper.AchievementMybatisMapper.save - <==    Updates: 1
2023-09-21 16:43:51.532 [main] DEBUG org.mybatis.mp.test.mapper.AchievementMybatisMapper.save - ==>  Preparing: INSERT INTO achievement (student_id , score , create_time) VALUES (? , ? , ?)
2023-09-21 16:43:51.534 [main] DEBUG org.mybatis.mp.test.mapper.AchievementMybatisMapper.save - ==> Parameters: 1(Integer), 99.99(BigDecimal), 2023-09-21 16:43:51.531(Timestamp)
2023-09-21 16:43:51.536 [main] DEBUG org.mybatis.mp.test.mapper.AchievementMybatisMapper.save - <==    Updates: 1
2023-09-21 16:43:51.538 [main] DEBUG org.mybatis.mp.test.mapper.AchievementMybatisMapper.save - ==>  Preparing: INSERT INTO achievement (student_id , score , create_time) VALUES (? , ? , ?)
2023-09-21 16:43:51.540 [main] DEBUG org.mybatis.mp.test.mapper.AchievementMybatisMapper.save - ==> Parameters: 1(Integer), 109.99(BigDecimal), 2023-09-21 16:43:51.537(Timestamp)
2023-09-21 16:43:51.542 [main] DEBUG org.mybatis.mp.test.mapper.AchievementMybatisMapper.save - <==    Updates: 1
2023-09-21 16:43:51.545 [main] DEBUG org.mybatis.mp.test.mapper.AchievementMybatisMapper.save - ==>  Preparing: INSERT INTO achievement (student_id , score , create_time) VALUES (? , ? , ?)
2023-09-21 16:43:51.546 [main] DEBUG org.mybatis.mp.test.mapper.AchievementMybatisMapper.save - ==> Parameters: 1(Integer), 119.99(BigDecimal), 2023-09-21 16:43:51.543(Timestamp)
2023-09-21 16:43:51.548 [main] DEBUG org.mybatis.mp.test.mapper.AchievementMybatisMapper.save - <==    Updates: 1
2023-09-21 16:43:51.550 [main] DEBUG org.mybatis.mp.test.mapper.AchievementMybatisMapper.save - ==>  Preparing: INSERT INTO achievement (student_id , score , create_time) VALUES (? , ? , ?)
2023-09-21 16:43:51.552 [main] DEBUG org.mybatis.mp.test.mapper.AchievementMybatisMapper.save - ==> Parameters: 1(Integer), 129.99(BigDecimal), 2023-09-21 16:43:51.549(Timestamp)
2023-09-21 16:43:51.555 [main] DEBUG org.mybatis.mp.test.mapper.AchievementMybatisMapper.save - <==    Updates: 1
2023-09-21 16:43:51.557 [main] DEBUG org.mybatis.mp.test.mapper.AchievementMybatisMapper.save - ==>  Preparing: INSERT INTO achievement (student_id , score , create_time) VALUES (? , ? , ?)
2023-09-21 16:43:51.559 [main] DEBUG org.mybatis.mp.test.mapper.AchievementMybatisMapper.save - ==> Parameters: 1(Integer), 139.99(BigDecimal), 2023-09-21 16:43:51.556(Timestamp)
2023-09-21 16:43:51.561 [main] DEBUG org.mybatis.mp.test.mapper.AchievementMybatisMapper.save - <==    Updates: 1
2023-09-21 16:43:51.565 [main] DEBUG org.mybatis.mp.test.mapper.AchievementMybatisMapper.save - ==>  Preparing: INSERT INTO achievement (student_id , score , create_time) VALUES (? , ? , ?)
2023-09-21 16:43:51.570 [main] DEBUG org.mybatis.mp.test.mapper.AchievementMybatisMapper.save - ==> Parameters: 1(Integer), 149.99(BigDecimal), 2023-09-21 16:43:51.562(Timestamp)
2023-09-21 16:43:51.575 [main] DEBUG org.mybatis.mp.test.mapper.AchievementMybatisMapper.save - <==    Updates: 1
2023-09-21 16:43:51.579 [main] DEBUG org.mybatis.mp.test.mapper.AchievementMybatisMapper.save - ==>  Preparing: INSERT INTO achievement (student_id , score , create_time) VALUES (? , ? , ?)
2023-09-21 16:43:51.588 [main] DEBUG org.mybatis.mp.test.mapper.AchievementMybatisMapper.save - ==> Parameters: 1(Integer), 159.99(BigDecimal), 2023-09-21 16:43:51.577(Timestamp)
2023-09-21 16:43:51.591 [main] DEBUG org.mybatis.mp.test.mapper.AchievementMybatisMapper.save - <==    Updates: 1
2023-09-21 16:43:51.595 [main] DEBUG org.mybatis.mp.test.mapper.AchievementMybatisMapper.save - ==>  Preparing: INSERT INTO achievement (student_id , score , create_time) VALUES (? , ? , ?)
2023-09-21 16:43:51.596 [main] DEBUG org.mybatis.mp.test.mapper.AchievementMybatisMapper.save - ==> Parameters: 1(Integer), 169.99(BigDecimal), 2023-09-21 16:43:51.593(Timestamp)
2023-09-21 16:43:51.598 [main] DEBUG org.mybatis.mp.test.mapper.AchievementMybatisMapper.save - <==    Updates: 1
2023-09-21 16:43:51.601 [main] DEBUG org.mybatis.mp.test.mapper.AchievementMybatisMapper.save - ==>  Preparing: INSERT INTO achievement (student_id , score , create_time) VALUES (? , ? , ?)
2023-09-21 16:43:51.603 [main] DEBUG org.mybatis.mp.test.mapper.AchievementMybatisMapper.save - ==> Parameters: 1(Integer), 179.99(BigDecimal), 2023-09-21 16:43:51.6(Timestamp)
2023-09-21 16:43:51.605 [main] DEBUG org.mybatis.mp.test.mapper.AchievementMybatisMapper.save - <==    Updates: 1
2023-09-21 16:43:51.606 [main] DEBUG org.mybatis.mp.test.mapper.AchievementMybatisMapper.save - ==>  Preparing: INSERT INTO achievement (student_id , score , create_time) VALUES (? , ? , ?)
2023-09-21 16:43:51.608 [main] DEBUG org.mybatis.mp.test.mapper.AchievementMybatisMapper.save - ==> Parameters: 1(Integer), 189.99(BigDecimal), 2023-09-21 16:43:51.605(Timestamp)
2023-09-21 16:43:51.610 [main] DEBUG org.mybatis.mp.test.mapper.AchievementMybatisMapper.save - <==    Updates: 1
2023-09-21 16:43:51.612 [main] DEBUG org.mybatis.mp.test.mapper.AchievementMybatisMapper.save - ==>  Preparing: INSERT INTO achievement (student_id , score , create_time) VALUES (? , ? , ?)
2023-09-21 16:43:51.613 [main] DEBUG org.mybatis.mp.test.mapper.AchievementMybatisMapper.save - ==> Parameters: 1(Integer), 199.99(BigDecimal), 2023-09-21 16:43:51.611(Timestamp)
2023-09-21 16:43:51.616 [main] DEBUG org.mybatis.mp.test.mapper.AchievementMybatisMapper.save - <==    Updates: 1
2023-09-21 16:43:51.618 [main] DEBUG org.mybatis.mp.test.mapper.AchievementMybatisMapper.list - ==>  Preparing: select t.*,t2.student_id,t2.score,t2.score xx_score,t2.tableId xx_id,123 haha from student t left join Achievement t2 on t.tableId=t2.student_id
2023-09-21 16:43:51.624 [main] DEBUG org.mybatis.mp.test.mapper.AchievementMybatisMapper.list - ==> Parameters:
2023-09-21 16:43:51.626 [main] DEBUG org.mybatis.mp.test.mapper.AchievementMybatisMapper.list - <==      Total: 0
2023-09-21 16:43:51.653 [main] DEBUG o.m.m.t.m.AchievementMapper.selectWithCmdQuery - ==>  Preparing: SELECT t. * FROM achievement t WHERE t.student_id = 1
2023-09-21 16:43:51.655 [main] DEBUG o.m.m.t.m.AchievementMapper.selectWithCmdQuery - ==> Parameters:
2023-09-21 16:43:51.668 [main] DEBUG o.m.m.t.m.AchievementMapper.selectWithCmdQuery - ==>  Preparing: SELECT t. * FROM achievement t WHERE t.tableId = ?
2023-09-21 16:43:51.669 [main] DEBUG o.m.m.t.m.AchievementMapper.selectWithCmdQuery - ==> Parameters: 1112(String)
2023-09-21 16:43:51.670 [main] DEBUG o.m.m.t.m.AchievementMapper.selectWithCmdQuery - <==      Total: 0
2023-09-21 16:43:51.672 [main] DEBUG o.m.m.t.m.AchievementMapper.getOneWithCmdQuery - ==>  Preparing: SELECT t. * FROM achievement t WHERE t.tableId = ?
2023-09-21 16:43:51.673 [main] DEBUG o.m.m.t.m.AchievementMapper.getOneWithCmdQuery - ==> Parameters: 1(String)
2023-09-21 16:43:51.675 [main] DEBUG o.m.m.t.m.AchievementMapper.getOneWithCmdQuery - <==      Total: 1
2023-09-21 16:43:51.679 [main] DEBUG o.m.m.t.m.AchievementMapper.getOneWithCmdQuery - ==>  Preparing: SELECT t. * FROM achievement t WHERE t.tableId = ?
2023-09-21 16:43:51.680 [main] DEBUG o.m.m.t.m.AchievementMapper.getOneWithCmdQuery - ==> Parameters: 11133111(String)
2023-09-21 16:43:51.681 [main] DEBUG o.m.m.t.m.AchievementMapper.getOneWithCmdQuery - <==      Total: 0
2023-09-21 16:43:51.710 [main] DEBUG o.mybatis.mp.test.mapper.AchievementMapper.getById - ==>  Preparing: SELECT tableId, student_id, score, create_time FROM achievement WHERE (tableId=?)
2023-09-21 16:43:51.711 [main] DEBUG o.mybatis.mp.test.mapper.AchievementMapper.getById - ==> Parameters: 1111(Integer)
2023-09-21 16:43:51.714 [main] DEBUG o.mybatis.mp.test.mapper.AchievementMapper.getById - <==      Total: 0
2023-09-21 16:43:51.715 [main] DEBUG org.apache.ibatis.transaction.jdbc.JdbcTransaction - Closing JDBC Connection [conn1: url=jdbc:h2:mem:db0 user=SA]
